{"name": "Открытие страницы авторизации гостем", "status": "broken", "statusDetails": {"message": "selenium.common.exceptions.InvalidArgumentException: Message: invalid argument: 'using' must be a string\n  (Session info: chrome=113.0.5672.64)\nStacktrace:\nBacktrace:\n\tGetHandleVerifier [0x01078893+48451]\n\t(No symbol) [0x0100B8A1]\n\t(No symbol) [0x00F15058]\n\t(No symbol) [0x00F40570]\n\t(No symbol) [0x00F4069B]\n\t(No symbol) [0x00F6DD92]\n\t(No symbol) [0x00F5A304]\n\t(No symbol) [0x00F6C482]\n\t(No symbol) [0x00F5A0B6]\n\t(No symbol) [0x00F37E08]\n\t(No symbol) [0x00F38F2D]\n\tGetHandleVerifier [0x012D8E3A+2540266]\n\tGetHandleVerifier [0x01318959+2801161]\n\tGetHandleVerifier [0x0131295C+2776588]\n\tGetHandleVerifier [0x01102280+612144]\n\t(No symbol) [0x01014F6C]\n\t(No symbol) [0x010111D8]\n\t(No symbol) [0x010112BB]\n\t(No symbol) [0x01004857]\n\tBaseThreadInitThunk [0x76840099+25]\n\tRtlGetAppContainerNamedObjectPath [0x774E7B6E+286]\n\tRtlGetAppContainerNamedObjectPath [0x774E7B3E+238]", "trace": "browser = <selenium.webdriver.chrome.webdriver.WebDriver (session=\"b076ef6e08252608669c73aecadbffb4\")>\n\n    @allure.title(\"Открытие страницы авторизации гостем\")\n    @allure.description(\"Открытие страницы авторизации гостем\")\n    @allure.title(\"Открытие страницы авторизации гостем\")\n    def test_guest_can_go_to_login_page(browser):\n            link = \"http://selenium1py.pythonanywhere.com/\"\n            mainpage = MainPage(browser,link)\n            with allure.step(\"Step 1: Открываем главную страницу\"):\n                mainpage.open()\n            with allure.step(\"Step 2: Переходим на страницу авторизации по кнопке\"):\n>               mainpage.go_to_login_page()\n\ntest_main_page.py:16: \n_ _ _ _ _ _ _ _ _ _ _ _ _ _ _ _ _ _ _ _ _ _ _ _ _ _ _ _ _ _ _ _ _ _ _ _ _ _ _ _ _ _ _ _ _ _ _ _ _ _ _ _ _ _ _ _ _ _ _ _ _ _ _ _ _ _ _ _ _ _ _ _ _ _ _ _ _ _ _ _ _ _ _ _ _ _ _ _ _ _ _ _ _ _ _ _ _ _ _ _ _ _ _ _ _ _ _ _ _ _ _ _ _ _ _ _ _ _ _ _ _ _ _ _ _ _ _ _ _ _ _ _ _ _\npages\\base_page.py:63: in go_to_login_page\n    link = self.browser.find_element(BasePageLocators.LOGIN_LINK)\n..\\..\\..\\..\\appdata\\local\\programs\\python\\python38\\lib\\site-packages\\selenium\\webdriver\\remote\\webdriver.py:857: in find_element\n    return self.execute(Command.FIND_ELEMENT, {\n..\\..\\..\\..\\appdata\\local\\programs\\python\\python38\\lib\\site-packages\\selenium\\webdriver\\remote\\webdriver.py:435: in execute\n    self.error_handler.check_response(response)\n_ _ _ _ _ _ _ _ _ _ _ _ _ _ _ _ _ _ _ _ _ _ _ _ _ _ _ _ _ _ _ _ _ _ _ _ _ _ _ _ _ _ _ _ _ _ _ _ _ _ _ _ _ _ _ _ _ _ _ _ _ _ _ _ _ _ _ _ _ _ _ _ _ _ _ _ _ _ _ _ _ _ _ _ _ _ _ _ _ _ _ _ _ _ _ _ _ _ _ _ _ _ _ _ _ _ _ _ _ _ _ _ _ _ _ _ _ _ _ _ _ _ _ _ _ _ _ _ _ _ _ _ _ _\n\nself = <selenium.webdriver.remote.errorhandler.ErrorHandler object at 0x000002A851CF4D90>\nresponse = {'status': 400, 'value': '{\"value\":{\"error\":\"invalid argument\",\"message\":\"invalid argument: \\'using\\' must be a string...\\n\\\\tRtlGetAppContainerNamedObjectPath [0x774E7B6E+286]\\\\n\\\\tRtlGetAppContainerNamedObjectPath [0x774E7B3E+238]\\\\n\"}}'}\n\n    def check_response(self, response: Dict[str, Any]) -> None:\n        \"\"\"\n        Checks that a JSON response from the WebDriver does not have an error.\n    \n        :Args:\n         - response - The JSON response from the WebDriver server as a dictionary\n           object.\n    \n        :Raises: If the response contains an error message.\n        \"\"\"\n        status = response.get('status', None)\n        if not status or status == ErrorCode.SUCCESS:\n            return\n        value = None\n        message = response.get(\"message\", \"\")\n        screen: str = response.get(\"screen\", \"\")\n        stacktrace = None\n        if isinstance(status, int):\n            value_json = response.get('value', None)\n            if value_json and isinstance(value_json, str):\n                import json\n                try:\n                    value = json.loads(value_json)\n                    if len(value.keys()) == 1:\n                        value = value['value']\n                    status = value.get('error', None)\n                    if not status:\n                        status = value.get(\"status\", ErrorCode.UNKNOWN_ERROR)\n                        message = value.get(\"value\") or value.get(\"message\")\n                        if not isinstance(message, str):\n                            value = message\n                            message = message.get('message')\n                    else:\n                        message = value.get('message', None)\n                except ValueError:\n                    pass\n    \n        exception_class: Type[WebDriverException]\n        if status in ErrorCode.NO_SUCH_ELEMENT:\n            exception_class = NoSuchElementException\n        elif status in ErrorCode.NO_SUCH_FRAME:\n            exception_class = NoSuchFrameException\n        elif status in ErrorCode.NO_SUCH_SHADOW_ROOT:\n            exception_class = NoSuchShadowRootException\n        elif status in ErrorCode.NO_SUCH_WINDOW:\n            exception_class = NoSuchWindowException\n        elif status in ErrorCode.STALE_ELEMENT_REFERENCE:\n            exception_class = StaleElementReferenceException\n        elif status in ErrorCode.ELEMENT_NOT_VISIBLE:\n            exception_class = ElementNotVisibleException\n        elif status in ErrorCode.INVALID_ELEMENT_STATE:\n            exception_class = InvalidElementStateException\n        elif status in ErrorCode.INVALID_SELECTOR \\\n                or status in ErrorCode.INVALID_XPATH_SELECTOR \\\n                or status in ErrorCode.INVALID_XPATH_SELECTOR_RETURN_TYPER:\n            exception_class = InvalidSelectorException\n        elif status in ErrorCode.ELEMENT_IS_NOT_SELECTABLE:\n            exception_class = ElementNotSelectableException\n        elif status in ErrorCode.ELEMENT_NOT_INTERACTABLE:\n            exception_class = ElementNotInteractableException\n        elif status in ErrorCode.INVALID_COOKIE_DOMAIN:\n            exception_class = InvalidCookieDomainException\n        elif status in ErrorCode.UNABLE_TO_SET_COOKIE:\n            exception_class = UnableToSetCookieException\n        elif status in ErrorCode.TIMEOUT:\n            exception_class = TimeoutException\n        elif status in ErrorCode.SCRIPT_TIMEOUT:\n            exception_class = TimeoutException\n        elif status in ErrorCode.UNKNOWN_ERROR:\n            exception_class = WebDriverException\n        elif status in ErrorCode.UNEXPECTED_ALERT_OPEN:\n            exception_class = UnexpectedAlertPresentException\n        elif status in ErrorCode.NO_ALERT_OPEN:\n            exception_class = NoAlertPresentException\n        elif status in ErrorCode.IME_NOT_AVAILABLE:\n            exception_class = ImeNotAvailableException\n        elif status in ErrorCode.IME_ENGINE_ACTIVATION_FAILED:\n            exception_class = ImeActivationFailedException\n        elif status in ErrorCode.MOVE_TARGET_OUT_OF_BOUNDS:\n            exception_class = MoveTargetOutOfBoundsException\n        elif status in ErrorCode.JAVASCRIPT_ERROR:\n            exception_class = JavascriptException\n        elif status in ErrorCode.SESSION_NOT_CREATED:\n            exception_class = SessionNotCreatedException\n        elif status in ErrorCode.INVALID_ARGUMENT:\n            exception_class = InvalidArgumentException\n        elif status in ErrorCode.NO_SUCH_COOKIE:\n            exception_class = NoSuchCookieException\n        elif status in ErrorCode.UNABLE_TO_CAPTURE_SCREEN:\n            exception_class = ScreenshotException\n        elif status in ErrorCode.ELEMENT_CLICK_INTERCEPTED:\n            exception_class = ElementClickInterceptedException\n        elif status in ErrorCode.INSECURE_CERTIFICATE:\n            exception_class = InsecureCertificateException\n        elif status in ErrorCode.INVALID_COORDINATES:\n            exception_class = InvalidCoordinatesException\n        elif status in ErrorCode.INVALID_SESSION_ID:\n            exception_class = InvalidSessionIdException\n        elif status in ErrorCode.UNKNOWN_METHOD:\n            exception_class = UnknownMethodException\n        else:\n            exception_class = WebDriverException\n        if not value:\n            value = response['value']\n        if isinstance(value, str):\n            raise exception_class(value)\n        if message == \"\" and 'message' in value:\n            message = value['message']\n    \n        screen = None  # type: ignore[assignment]\n        if 'screen' in value:\n            screen = value['screen']\n    \n        stacktrace = None\n        st_value = value.get('stackTrace') or value.get('stacktrace')\n        if st_value:\n            if isinstance(st_value, str):\n                stacktrace = st_value.split('\\n')\n            else:\n                stacktrace = []\n                try:\n                    for frame in st_value:\n                        line = self._value_or_default(frame, 'lineNumber', '')\n                        file = self._value_or_default(frame, 'fileName', '<anonymous>')\n                        if line:\n                            file = f\"{file}:{line}\"\n                        meth = self._value_or_default(frame, 'methodName', '<anonymous>')\n                        if 'className' in frame:\n                            meth = \"{}.{}\".format(frame['className'], meth)\n                        msg = \"    at %s (%s)\"\n                        msg = msg % (meth, file)\n                        stacktrace.append(msg)\n                except TypeError:\n                    pass\n        if exception_class == UnexpectedAlertPresentException:\n            alert_text = None\n            if 'data' in value:\n                alert_text = value['data'].get('text')\n            elif 'alert' in value:\n                alert_text = value['alert'].get('text')\n            raise exception_class(message, screen, stacktrace, alert_text)  # type: ignore[call-arg]  # mypy is not smart enough here\n>       raise exception_class(message, screen, stacktrace)\nE       selenium.common.exceptions.InvalidArgumentException: Message: invalid argument: 'using' must be a string\nE         (Session info: chrome=113.0.5672.64)\nE       Stacktrace:\nE       Backtrace:\nE       \tGetHandleVerifier [0x01078893+48451]\nE       \t(No symbol) [0x0100B8A1]\nE       \t(No symbol) [0x00F15058]\nE       \t(No symbol) [0x00F40570]\nE       \t(No symbol) [0x00F4069B]\nE       \t(No symbol) [0x00F6DD92]\nE       \t(No symbol) [0x00F5A304]\nE       \t(No symbol) [0x00F6C482]\nE       \t(No symbol) [0x00F5A0B6]\nE       \t(No symbol) [0x00F37E08]\nE       \t(No symbol) [0x00F38F2D]\nE       \tGetHandleVerifier [0x012D8E3A+2540266]\nE       \tGetHandleVerifier [0x01318959+2801161]\nE       \tGetHandleVerifier [0x0131295C+2776588]\nE       \tGetHandleVerifier [0x01102280+612144]\nE       \t(No symbol) [0x01014F6C]\nE       \t(No symbol) [0x010111D8]\nE       \t(No symbol) [0x010112BB]\nE       \t(No symbol) [0x01004857]\nE       \tBaseThreadInitThunk [0x76840099+25]\nE       \tRtlGetAppContainerNamedObjectPath [0x774E7B6E+286]\nE       \tRtlGetAppContainerNamedObjectPath [0x774E7B3E+238]\n\n..\\..\\..\\..\\appdata\\local\\programs\\python\\python38\\lib\\site-packages\\selenium\\webdriver\\remote\\errorhandler.py:247: InvalidArgumentException"}, "description": "Открытие страницы авторизации гостем", "steps": [{"name": "Step 1: Открываем главную страницу", "status": "passed", "start": 1683537640278, "stop": 1683537642308}, {"name": "Step 2: Переходим на страницу авторизации по кнопке", "status": "broken", "statusDetails": {"message": "selenium.common.exceptions.InvalidArgumentException: Message: invalid argument: 'using' must be a string\n  (Session info: chrome=113.0.5672.64)\nStacktrace:\nBacktrace:\n\tGetHandleVerifier [0x01078893+48451]\n\t(No symbol) [0x0100B8A1]\n\t(No symbol) [0x00F15058]\n\t(No symbol) [0x00F40570]\n\t(No symbol) [0x00F4069B]\n\t(No symbol) [0x00F6DD92]\n\t(No symbol) [0x00F5A304]\n\t(No symbol) [0x00F6C482]\n\t(No symbol) [0x00F5A0B6]\n\t(No symbol) [0x00F37E08]\n\t(No symbol) [0x00F38F2D]\n\tGetHandleVerifier [0x012D8E3A+2540266]\n\tGetHandleVerifier [0x01318959+2801161]\n\tGetHandleVerifier [0x0131295C+2776588]\n\tGetHandleVerifier [0x01102280+612144]\n\t(No symbol) [0x01014F6C]\n\t(No symbol) [0x010111D8]\n\t(No symbol) [0x010112BB]\n\t(No symbol) [0x01004857]\n\tBaseThreadInitThunk [0x76840099+25]\n\tRtlGetAppContainerNamedObjectPath [0x774E7B6E+286]\n\tRtlGetAppContainerNamedObjectPath [0x774E7B3E+238]\n\n", "trace": "  File \"C:\\Users\\user\\Desktop\\Ыгоры\\Для собесов\\pythonProject1\\test_main_page.py\", line 16, in test_guest_can_go_to_login_page\n    mainpage.go_to_login_page()\n  File \"C:\\Users\\user\\Desktop\\Ыгоры\\Для собесов\\pythonProject1\\pages\\base_page.py\", line 63, in go_to_login_page\n    link = self.browser.find_element(BasePageLocators.LOGIN_LINK)\n  File \"c:\\users\\user\\appdata\\local\\programs\\python\\python38\\lib\\site-packages\\selenium\\webdriver\\remote\\webdriver.py\", line 857, in find_element\n    return self.execute(Command.FIND_ELEMENT, {\n  File \"c:\\users\\user\\appdata\\local\\programs\\python\\python38\\lib\\site-packages\\selenium\\webdriver\\remote\\webdriver.py\", line 435, in execute\n    self.error_handler.check_response(response)\n  File \"c:\\users\\user\\appdata\\local\\programs\\python\\python38\\lib\\site-packages\\selenium\\webdriver\\remote\\errorhandler.py\", line 247, in check_response\n    raise exception_class(message, screen, stacktrace)\n"}, "start": 1683537642308, "stop": 1683537642311}], "start": 1683537640277, "stop": 1683537642312, "uuid": "b30798b4-9c4f-457a-bfe4-e2e28605f9da", "historyId": "4d96cbf6e90b029364cbe0d5d3ec9083", "testCaseId": "928fa340674dec10b163a895766ac1a7", "fullName": "test_main_page#test_guest_can_go_to_login_page", "labels": [{"name": "suite", "value": "test_main_page"}, {"name": "host", "value": "WIN-V8TQK9SAURU"}, {"name": "thread", "value": "2628-MainThread"}, {"name": "framework", "value": "pytest"}, {"name": "language", "value": "cpython3"}, {"name": "package", "value": "test_main_page"}]}