{"name": "test_message_disappeared_after_adding_product_to_basket", "status": "skipped", "statusDetails": {"message": "XFAIL\n\nAssertionError: Success message is not disappeared", "trace": "browser = <selenium.webdriver.chrome.webdriver.WebDriver (session=\"3672dd1ccedd07dc98a59ba1fa50c14f\")>\n\n    @pytest.mark.xfail\n    def test_message_disappeared_after_adding_product_to_basket(browser):\n        page = ProductPage(browser, \"http://selenium1py.pythonanywhere.com/catalogue/coders-at-work_207/\")\n        page.open()\n        page.add_to_basket()\n>       page.should_be_disappeared_success_message()\n\ntest_product_page.py:52: \n_ _ _ _ _ _ _ _ _ _ _ _ _ _ _ _ _ _ _ _ _ _ _ _ _ _ _ _ _ _ _ _ _ _ _ _ _ _ _ _ _ _ _ _ _ _ _ _ _ _ _ _ _ _ _ _ _ _ _ _ _ _ _ _ _ _ _ _ _ _ _ _ _ _ _ _ _ _ _ _ _ _ _ _ _ _ _ _ _ _ _ _ _ _ _ _ _ _ _ _ _ _ _ _ _ _ _ _ _ _ _ _ _ _ _ _ _ _ _ _ _ _ _ _ _ _ _ _ _ _ _ _ _ _\n\nself = <pages.product_page.ProductPage object at 0x00000276AADC1CA0>\n\n    def should_be_disappeared_success_message(self):\n>       assert self.is_disappeared(\n            *ProductPageLocators.ALERT_ADDING_PRODUCT), \"Success message is not disappeared\"\nE       AssertionError: Success message is not disappeared\n\npages\\product_page.py:31: AssertionError"}, "start": 1683540913680, "stop": 1683540921324, "uuid": "9e8d24ba-6d56-4918-a074-e7e6c91c6e3c", "historyId": "778151ff98c7d63a55ee1a4b3d28f6bc", "testCaseId": "3fca896906b6fc9a65e0fff73101183d", "fullName": "test_product_page#test_message_disappeared_after_adding_product_to_basket", "labels": [{"name": "tag", "value": "@pytest.mark.xfail"}, {"name": "suite", "value": "test_product_page"}, {"name": "host", "value": "WIN-V8TQK9SAURU"}, {"name": "thread", "value": "5472-MainThread"}, {"name": "framework", "value": "pytest"}, {"name": "language", "value": "cpython3"}, {"name": "package", "value": "test_product_page"}]}